Mon Jan  4 01:48:25 2021: Hive (D:\NTUSER.DAT) is not dirty.

Mon Jan  4 01:48:25 2021: Log opened.
Mon Jan  4 01:48:25 2021: File: D:\NTUSER.DAT
Mon Jan  4 01:48:25 2021: Environment set up.
Mon Jan  4 01:48:33 2021: Launching adobe v.20200522
Mon Jan  4 01:48:33 2021: Launching allowedenum v.20200511
Mon Jan  4 01:48:33 2021: Launching appassoc v.20200515
Mon Jan  4 01:48:44 2021: Launching appcompatflags v.20200525
Mon Jan  4 01:48:49 2021: Launching appkeys v.20200517
Mon Jan  4 01:48:49 2021: Launching applets v.20200525
Mon Jan  4 01:48:50 2021: Launching apppaths v.20200511
Mon Jan  4 01:48:50 2021: Launching appspecific v.20200515
Mon Jan  4 01:48:50 2021: Launching appx v.20200427
Mon Jan  4 01:48:50 2021: Launching arpcache v.20200515
Mon Jan  4 01:48:51 2021: Launching attachmgr v.20200525
Mon Jan  4 01:48:51 2021: Launching cached v.20200525
Mon Jan  4 01:48:55 2021: Launching cmdproc v.20200515
Mon Jan  4 01:48:55 2021: Launching comdlg32 v.20200517
Mon Jan  4 01:49:06 2021: Launching compdesc v.20200511
Mon Jan  4 01:49:06 2021: Launching DDO v.20140414
Mon Jan  4 01:49:06 2021: Launching disablemru v.20190924
Mon Jan  4 01:49:07 2021: Launching environment v.20200512
Mon Jan  4 01:49:07 2021: Launching featureusage v.20200511
Mon Jan  4 01:49:14 2021: [*] Launching heidisql v.20201227
Mon Jan  4 01:49:14 2021: Error in heidisql: Can't call method "get_data" on an undefined value at D:\RegRipper3.0-master\RegRipper3.0-master/plugins\heidisql.pl line 57.

Mon Jan  4 01:49:14 2021: Launching identities v.20200525
Mon Jan  4 01:49:14 2021: Launching injectdll64 v.20200427
Mon Jan  4 01:49:15 2021: Launching jumplistdata v.20200517
Mon Jan  4 01:49:15 2021: Launching knowndev v.20200515
Mon Jan  4 01:49:15 2021: Launching listsoft v.20200517
Mon Jan  4 01:49:17 2021: Launching load v.20200517
Mon Jan  4 01:49:17 2021: Launching logonstats v.20200517
Mon Jan  4 01:49:17 2021: Launching lxss v.20200511
Mon Jan  4 01:49:18 2021: Launching mixer v.20200517
Mon Jan  4 01:49:19 2021: Launching mmc v.20200517
Mon Jan  4 01:49:20 2021: Launching mmo v.20200517
Mon Jan  4 01:49:20 2021: Launching mndmru v.20200517
Mon Jan  4 01:49:20 2021: Launching mp2 v.20200526
Mon Jan  4 01:49:22 2021: Launching mpmru v.20200517
Mon Jan  4 01:49:22 2021: Launching  msoffice v.20200518
Mon Jan  4 01:49:26 2021: Launching muicache v.20200525
Mon Jan  4 01:49:26 2021: Launching nation v.20200517
Mon Jan  4 01:49:26 2021: Launching oisc v.20091125
Mon Jan  4 01:49:27 2021: Launching onedrivev.20200515
Mon Jan  4 01:49:27 2021: Launching osversion v.20200511
Mon Jan  4 01:49:27 2021: Launching outlook_homepage v.20201002
Mon Jan  4 01:49:28 2021: Launching pendinggpos v.20200427
Mon Jan  4 01:49:28 2021: Launching profiler v.20200525
Mon Jan  4 01:49:29 2021: Launching pslogging v.20200515
Mon Jan  4 01:49:29 2021: Launching psscript v.20200525
Mon Jan  4 01:49:29 2021: Launching putty v.20200515
Mon Jan  4 01:49:30 2021: Launching recentapps v.20200515
Mon Jan  4 01:49:30 2021: Launching recentdocs v.20200427
Mon Jan  4 01:49:48 2021: Launching run v.20200511
Mon Jan  4 01:49:49 2021: Launching runmru v.20200525
Mon Jan  4 01:49:50 2021: Launching runvirtual v.20200427
Mon Jan  4 01:49:50 2021: Launching searchscopes v.20200517
Mon Jan  4 01:49:50 2021: Launching 7-zip v.20200515
Mon Jan  4 01:49:51 2021: Launching shc v.20200427
Mon Jan  4 01:49:51 2021: Launching shellfolders v.20200515
Mon Jan  4 01:49:52 2021: Launching speech v.20200427
Mon Jan  4 01:49:52 2021: Launching sysinternals v.20080324
Mon Jan  4 01:49:52 2021: Launching tsclient v.20200518
Mon Jan  4 01:49:54 2021: Launching typedpaths v.20200526
Mon Jan  4 01:49:54 2021: Launching typedurls v.20200526
Mon Jan  4 01:49:54 2021: Launching typedurlstime v.20200526
Mon Jan  4 01:49:55 2021: Launching uninstall v.20200525
Mon Jan  4 01:49:56 2021: Launching userassist v.20170204
Mon Jan  4 01:50:14 2021: Launching wc_shares v.20200515
Mon Jan  4 01:50:14 2021: Launching winrar v.20200526
Mon Jan  4 01:50:15 2021: Launching winscp v.20201227
Mon Jan  4 01:50:15 2021: Launching WinZip v.20200526
Mon Jan  4 01:50:15 2021: Launching wordwheelquery v.20200823
